Timing Analyzer report for RISC-V
Sun Dec  1 22:56:45 2024
Quartus Prime Version 23.1std.1 Build 993 05/14/2024 SC Lite Edition


---------------------
; Table of Contents ;
---------------------
  1. Legal Notice
  2. Timing Analyzer Summary
  3. Parallel Compilation
  4. SDC File List
  5. Clocks
  6. Slow 1100mV 125C Model Fmax Summary
  7. Timing Closure Recommendations
  8. Slow 1100mV 125C Model Setup Summary
  9. Slow 1100mV 125C Model Hold Summary
 10. Slow 1100mV 125C Model Recovery Summary
 11. Slow 1100mV 125C Model Removal Summary
 12. Slow 1100mV 125C Model Minimum Pulse Width Summary
 13. Slow 1100mV 125C Model Metastability Summary
 14. Slow 1100mV -40C Model Fmax Summary
 15. Slow 1100mV -40C Model Setup Summary
 16. Slow 1100mV -40C Model Hold Summary
 17. Slow 1100mV -40C Model Recovery Summary
 18. Slow 1100mV -40C Model Removal Summary
 19. Slow 1100mV -40C Model Minimum Pulse Width Summary
 20. Slow 1100mV -40C Model Metastability Summary
 21. Fast 1100mV 125C Model Setup Summary
 22. Fast 1100mV 125C Model Hold Summary
 23. Fast 1100mV 125C Model Recovery Summary
 24. Fast 1100mV 125C Model Removal Summary
 25. Fast 1100mV 125C Model Minimum Pulse Width Summary
 26. Fast 1100mV 125C Model Metastability Summary
 27. Fast 1100mV -40C Model Setup Summary
 28. Fast 1100mV -40C Model Hold Summary
 29. Fast 1100mV -40C Model Recovery Summary
 30. Fast 1100mV -40C Model Removal Summary
 31. Fast 1100mV -40C Model Minimum Pulse Width Summary
 32. Fast 1100mV -40C Model Metastability Summary
 33. Multicorner Timing Analysis Summary
 34. Board Trace Model Assignments
 35. Input Transition Times
 36. Signal Integrity Metrics (Slow 1100mv n40c Model)
 37. Signal Integrity Metrics (Slow 1100mv 125c Model)
 38. Signal Integrity Metrics (Fast 1100mv n40c Model)
 39. Signal Integrity Metrics (Fast 1100mv 125c Model)
 40. Clock Transfers
 41. Report TCCS
 42. Report RSKM
 43. Unconstrained Paths Summary
 44. Clock Status Summary
 45. Unconstrained Input Ports
 46. Unconstrained Output Ports
 47. Unconstrained Input Ports
 48. Unconstrained Output Ports
 49. Timing Analyzer Messages



----------------
; Legal Notice ;
----------------
Copyright (C) 2024  Intel Corporation. All rights reserved.
Your use of Intel Corporation's design tools, logic functions 
and other software and tools, and any partner logic 
functions, and any output files from any of the foregoing 
(including device programming or simulation files), and any 
associated documentation or information are expressly subject 
to the terms and conditions of the Intel Program License 
Subscription Agreement, the Intel Quartus Prime License Agreement,
the Intel FPGA IP License Agreement, or other applicable license
agreement, including, without limitation, that your use is for
the sole purpose of programming logic devices manufactured by
Intel and sold by Intel or its authorized distributors.  Please
refer to the applicable agreement for further details, at
https://fpgasoftware.intel.com/eula.



+--------------------------------------------------------------------------------+
; Timing Analyzer Summary                                                        ;
+-----------------------+--------------------------------------------------------+
; Quartus Prime Version ; Version 23.1std.1 Build 993 05/14/2024 SC Lite Edition ;
; Timing Analyzer       ; Legacy Timing Analyzer                                 ;
; Revision Name         ; RISC-V                                                 ;
; Device Family         ; Cyclone V                                              ;
; Device Name           ; 5CGXFC9A6U19A7                                         ;
; Timing Models         ; Final                                                  ;
; Delay Model           ; Combined                                               ;
; Rise/Fall Delays      ; Enabled                                                ;
+-----------------------+--------------------------------------------------------+


+------------------------------------------+
; Parallel Compilation                     ;
+----------------------------+-------------+
; Processors                 ; Number      ;
+----------------------------+-------------+
; Number detected on machine ; 12          ;
; Maximum allowed            ; 6           ;
;                            ;             ;
; Average used               ; 1.03        ;
; Maximum used               ; 6           ;
;                            ;             ;
; Usage by Processor         ; % Time Used ;
;     Processor 1            ; 100.0%      ;
;     Processor 2            ;   1.6%      ;
;     Processors 3-6         ;   0.2%      ;
+----------------------------+-------------+


+----------------------------------------------------+
; SDC File List                                      ;
+----------------+--------+--------------------------+
; SDC File Path  ; Status ; Read at                  ;
+----------------+--------+--------------------------+
; RISC-V.out.sdc ; OK     ; Sun Dec  1 22:56:35 2024 ;
+----------------+--------+--------------------------+


+-----------------------------------------------------------------------------------------------------------------------------------------------------------------------------------+
; Clocks                                                                                                                                                                            ;
+------------+---------+--------+-----------+-------+-------+------------+-----------+-------------+-------+--------+-----------+------------+----------+--------+--------+---------+
; Clock Name ; Type    ; Period ; Frequency ; Rise  ; Fall  ; Duty Cycle ; Divide by ; Multiply by ; Phase ; Offset ; Edge List ; Edge Shift ; Inverted ; Master ; Source ; Targets ;
+------------+---------+--------+-----------+-------+-------+------------+-----------+-------------+-------+--------+-----------+------------+----------+--------+--------+---------+
; virt_clk   ; Virtual ; 5.000  ; 200.0 MHz ; 0.000 ; 2.500 ;            ;           ;             ;       ;        ;           ;            ;          ;        ;        ; { }     ;
+------------+---------+--------+-----------+-------+-------+------------+-----------+-------------+-------+--------+-----------+------------+----------+--------+--------+---------+


---------------------------------------
; Slow 1100mV 125C Model Fmax Summary ;
---------------------------------------
No paths to report.


----------------------------------
; Timing Closure Recommendations ;
----------------------------------
HTML report is unavailable in plain text report export.


----------------------------------------
; Slow 1100mV 125C Model Setup Summary ;
----------------------------------------
No paths to report.


---------------------------------------
; Slow 1100mV 125C Model Hold Summary ;
---------------------------------------
No paths to report.


-------------------------------------------
; Slow 1100mV 125C Model Recovery Summary ;
-------------------------------------------
No paths to report.


------------------------------------------
; Slow 1100mV 125C Model Removal Summary ;
------------------------------------------
No paths to report.


------------------------------------------------------
; Slow 1100mV 125C Model Minimum Pulse Width Summary ;
------------------------------------------------------
No paths to report.


------------------------------------------------
; Slow 1100mV 125C Model Metastability Summary ;
------------------------------------------------
No synchronizer chains to report.


---------------------------------------
; Slow 1100mV -40C Model Fmax Summary ;
---------------------------------------
No paths to report.


----------------------------------------
; Slow 1100mV -40C Model Setup Summary ;
----------------------------------------
No paths to report.


---------------------------------------
; Slow 1100mV -40C Model Hold Summary ;
---------------------------------------
No paths to report.


-------------------------------------------
; Slow 1100mV -40C Model Recovery Summary ;
-------------------------------------------
No paths to report.


------------------------------------------
; Slow 1100mV -40C Model Removal Summary ;
------------------------------------------
No paths to report.


------------------------------------------------------
; Slow 1100mV -40C Model Minimum Pulse Width Summary ;
------------------------------------------------------
No paths to report.


------------------------------------------------
; Slow 1100mV -40C Model Metastability Summary ;
------------------------------------------------
No synchronizer chains to report.


----------------------------------------
; Fast 1100mV 125C Model Setup Summary ;
----------------------------------------
No paths to report.


---------------------------------------
; Fast 1100mV 125C Model Hold Summary ;
---------------------------------------
No paths to report.


-------------------------------------------
; Fast 1100mV 125C Model Recovery Summary ;
-------------------------------------------
No paths to report.


------------------------------------------
; Fast 1100mV 125C Model Removal Summary ;
------------------------------------------
No paths to report.


------------------------------------------------------
; Fast 1100mV 125C Model Minimum Pulse Width Summary ;
------------------------------------------------------
No paths to report.


------------------------------------------------
; Fast 1100mV 125C Model Metastability Summary ;
------------------------------------------------
No synchronizer chains to report.


----------------------------------------
; Fast 1100mV -40C Model Setup Summary ;
----------------------------------------
No paths to report.


---------------------------------------
; Fast 1100mV -40C Model Hold Summary ;
---------------------------------------
No paths to report.


-------------------------------------------
; Fast 1100mV -40C Model Recovery Summary ;
-------------------------------------------
No paths to report.


------------------------------------------
; Fast 1100mV -40C Model Removal Summary ;
------------------------------------------
No paths to report.


------------------------------------------------------
; Fast 1100mV -40C Model Minimum Pulse Width Summary ;
------------------------------------------------------
No paths to report.


------------------------------------------------
; Fast 1100mV -40C Model Metastability Summary ;
------------------------------------------------
No synchronizer chains to report.


+----------------------------------------------------------------------------+
; Multicorner Timing Analysis Summary                                        ;
+------------------+-------+------+----------+---------+---------------------+
; Clock            ; Setup ; Hold ; Recovery ; Removal ; Minimum Pulse Width ;
+------------------+-------+------+----------+---------+---------------------+
; Worst-case Slack ; N/A   ; N/A  ; N/A      ; N/A     ; N/A                 ;
; Design-wide TNS  ; 0.0   ; 0.0  ; 0.0      ; 0.0     ; 0.0                 ;
+------------------+-------+------+----------+---------+---------------------+


+----------------------------------------------------------------------------------------------------------------------------------------------------------------------------------------------------------------------------------------------------------------------------------------------------------------------------------------------------------------------------------------------------------------------+
; Board Trace Model Assignments                                                                                                                                                                                                                                                                                                                                                                                        ;
+-------------------+--------------+-------------------+-------------------------+-------------------------+---------------+---------------------+----------------+------------------+--------+------------------+------------------------+------------------------+--------------+---------------+-----------------+-------+---------------------+--------------------+---------------+-----------------+-------------+
; Pin               ; I/O Standard ; Near Tline Length ; Near Tline L per Length ; Near Tline C per Length ; Near Series R ; Near Differential R ; Near Pull-up R ; Near Pull-down R ; Near C ; Far Tline Length ; Far Tline L per Length ; Far Tline C per Length ; Far Series R ; Far Pull-up R ; Far Pull-down R ; Far C ; Termination Voltage ; Far Differential R ; EBD File Name ; EBD Signal Name ; EBD Far-end ;
+-------------------+--------------+-------------------+-------------------------+-------------------------+---------------+---------------------+----------------+------------------+--------+------------------+------------------------+------------------------+--------------+---------------+-----------------+-------+---------------------+--------------------+---------------+-----------------+-------------+
; branchRequests[0] ; 2.5 V        ; 0 in              ; 0 H/in                  ; 0 F/in                  ; short         ; -                   ; open           ; open             ; open   ; 0 in             ; 0 H/in                 ; 0 F/in                 ; short        ; open          ; open            ; open  ; 0 V                 ; -                  ; n/a           ; n/a             ; n/a         ;
; branchRequests[1] ; 2.5 V        ; 0 in              ; 0 H/in                  ; 0 F/in                  ; short         ; -                   ; open           ; open             ; open   ; 0 in             ; 0 H/in                 ; 0 F/in                 ; short        ; open          ; open            ; open  ; 0 V                 ; -                  ; n/a           ; n/a             ; n/a         ;
; ALURequests[0]    ; 2.5 V        ; 0 in              ; 0 H/in                  ; 0 F/in                  ; short         ; -                   ; open           ; open             ; open   ; 0 in             ; 0 H/in                 ; 0 F/in                 ; short        ; open          ; open            ; open  ; 0 V                 ; -                  ; n/a           ; n/a             ; n/a         ;
; ALURequests[1]    ; 2.5 V        ; 0 in              ; 0 H/in                  ; 0 F/in                  ; short         ; -                   ; open           ; open             ; open   ; 0 in             ; 0 H/in                 ; 0 F/in                 ; short        ; open          ; open            ; open  ; 0 V                 ; -                  ; n/a           ; n/a             ; n/a         ;
; ALURequests[2]    ; 2.5 V        ; 0 in              ; 0 H/in                  ; 0 F/in                  ; short         ; -                   ; open           ; open             ; open   ; 0 in             ; 0 H/in                 ; 0 F/in                 ; short        ; open          ; open            ; open  ; 0 V                 ; -                  ; n/a           ; n/a             ; n/a         ;
; ALURequests[3]    ; 2.5 V        ; 0 in              ; 0 H/in                  ; 0 F/in                  ; short         ; -                   ; open           ; open             ; open   ; 0 in             ; 0 H/in                 ; 0 F/in                 ; short        ; open          ; open            ; open  ; 0 V                 ; -                  ; n/a           ; n/a             ; n/a         ;
+-------------------+--------------+-------------------+-------------------------+-------------------------+---------------+---------------------+----------------+------------------+--------+------------------+------------------------+------------------------+--------------+---------------+-----------------+-------+---------------------+--------------------+---------------+-----------------+-------------+


+------------------------------------------------------------------------+
; Input Transition Times                                                 ;
+---------------------+--------------+-----------------+-----------------+
; Pin                 ; I/O Standard ; 10-90 Rise Time ; 90-10 Fall Time ;
+---------------------+--------------+-----------------+-----------------+
; branchBusyVector[0] ; 2.5 V        ; 2000 ps         ; 2000 ps         ;
; RSstation[0]        ; 2.5 V        ; 2000 ps         ; 2000 ps         ;
; RSstation[1]        ; 2.5 V        ; 2000 ps         ; 2000 ps         ;
; stationRequest      ; 2.5 V        ; 2000 ps         ; 2000 ps         ;
; branchBusyVector[1] ; 2.5 V        ; 2000 ps         ; 2000 ps         ;
; ALUBusyVector[0]    ; 2.5 V        ; 2000 ps         ; 2000 ps         ;
; ALUBusyVector[1]    ; 2.5 V        ; 2000 ps         ; 2000 ps         ;
; ALUBusyVector[2]    ; 2.5 V        ; 2000 ps         ; 2000 ps         ;
; ALUBusyVector[3]    ; 2.5 V        ; 2000 ps         ; 2000 ps         ;
+---------------------+--------------+-----------------+-----------------+


+------------------------------------------------------------------------------------------------------------------------------------------------------------------------------------------------------------------------------------------------------------------------------------------------------------------------------------------------------------------------------------------------------------------------------------------------------------------------------------------------------------------------------------------------------------------------------------------------------------------------------------------------------------------------------------------------+
; Signal Integrity Metrics (Slow 1100mv n40c Model)                                                                                                                                                                                                                                                                                                                                                                                                                                                                                                                                                                                                                                              ;
+-------------------+--------------+---------------------+---------------------+------------------------------+------------------------------+---------------------+---------------------+--------------------------------------+--------------------------------------+-----------------------------+-----------------------------+----------------------------+----------------------------+-----------------------------+-----------------------------+--------------------+--------------------+-------------------------------------+-------------------------------------+----------------------------+----------------------------+---------------------------+---------------------------+
; Pin               ; I/O Standard ; Board Delay on Rise ; Board Delay on Fall ; Steady State Voh at FPGA Pin ; Steady State Vol at FPGA Pin ; Voh Max at FPGA Pin ; Vol Min at FPGA Pin ; Ringback Voltage on Rise at FPGA Pin ; Ringback Voltage on Fall at FPGA Pin ; 10-90 Rise Time at FPGA Pin ; 90-10 Fall Time at FPGA Pin ; Monotonic Rise at FPGA Pin ; Monotonic Fall at FPGA Pin ; Steady State Voh at Far-end ; Steady State Vol at Far-end ; Voh Max at Far-end ; Vol Min at Far-end ; Ringback Voltage on Rise at Far-end ; Ringback Voltage on Fall at Far-end ; 10-90 Rise Time at Far-end ; 90-10 Fall Time at Far-end ; Monotonic Rise at Far-end ; Monotonic Fall at Far-end ;
+-------------------+--------------+---------------------+---------------------+------------------------------+------------------------------+---------------------+---------------------+--------------------------------------+--------------------------------------+-----------------------------+-----------------------------+----------------------------+----------------------------+-----------------------------+-----------------------------+--------------------+--------------------+-------------------------------------+-------------------------------------+----------------------------+----------------------------+---------------------------+---------------------------+
; branchRequests[0] ; 2.5 V        ; 0 s                 ; 0 s                 ; 2.32 V                       ; 1.6e-08 V                    ; 2.42 V              ; -0.0509 V           ; 0.197 V                              ; 0.118 V                              ; 4.57e-10 s                  ; 4.47e-10 s                  ; No                         ; Yes                        ; 2.32 V                      ; 1.6e-08 V                   ; 2.42 V             ; -0.0509 V          ; 0.197 V                             ; 0.118 V                             ; 4.57e-10 s                 ; 4.47e-10 s                 ; No                        ; Yes                       ;
; branchRequests[1] ; 2.5 V        ; 0 s                 ; 0 s                 ; 2.32 V                       ; 1.56e-08 V                   ; 2.43 V              ; -0.0617 V           ; 0.35 V                               ; 0.107 V                              ; 3.1e-10 s                   ; 4.28e-10 s                  ; No                         ; No                         ; 2.32 V                      ; 1.56e-08 V                  ; 2.43 V             ; -0.0617 V          ; 0.35 V                              ; 0.107 V                             ; 3.1e-10 s                  ; 4.28e-10 s                 ; No                        ; No                        ;
; ALURequests[0]    ; 2.5 V        ; 0 s                 ; 0 s                 ; 2.32 V                       ; 1.56e-08 V                   ; 2.43 V              ; -0.0617 V           ; 0.35 V                               ; 0.107 V                              ; 3.1e-10 s                   ; 4.28e-10 s                  ; No                         ; No                         ; 2.32 V                      ; 1.56e-08 V                  ; 2.43 V             ; -0.0617 V          ; 0.35 V                              ; 0.107 V                             ; 3.1e-10 s                  ; 4.28e-10 s                 ; No                        ; No                        ;
; ALURequests[1]    ; 2.5 V        ; 0 s                 ; 0 s                 ; 2.32 V                       ; 1.56e-08 V                   ; 2.43 V              ; -0.0607 V           ; 0.35 V                               ; 0.108 V                              ; 3.1e-10 s                   ; 4.28e-10 s                  ; No                         ; No                         ; 2.32 V                      ; 1.56e-08 V                  ; 2.43 V             ; -0.0607 V          ; 0.35 V                              ; 0.108 V                             ; 3.1e-10 s                  ; 4.28e-10 s                 ; No                        ; No                        ;
; ALURequests[2]    ; 2.5 V        ; 0 s                 ; 0 s                 ; 2.32 V                       ; 1.33e-08 V                   ; 2.36 V              ; -0.0253 V           ; 0.132 V                              ; 0.078 V                              ; 4.45e-10 s                  ; 4.26e-10 s                  ; No                         ; Yes                        ; 2.32 V                      ; 1.33e-08 V                  ; 2.36 V             ; -0.0253 V          ; 0.132 V                             ; 0.078 V                             ; 4.45e-10 s                 ; 4.26e-10 s                 ; No                        ; Yes                       ;
; ALURequests[3]    ; 2.5 V        ; 0 s                 ; 0 s                 ; 2.32 V                       ; 1.33e-08 V                   ; 2.36 V              ; -0.0253 V           ; 0.132 V                              ; 0.078 V                              ; 4.45e-10 s                  ; 4.26e-10 s                  ; No                         ; Yes                        ; 2.32 V                      ; 1.33e-08 V                  ; 2.36 V             ; -0.0253 V          ; 0.132 V                             ; 0.078 V                             ; 4.45e-10 s                 ; 4.26e-10 s                 ; No                        ; Yes                       ;
+-------------------+--------------+---------------------+---------------------+------------------------------+------------------------------+---------------------+---------------------+--------------------------------------+--------------------------------------+-----------------------------+-----------------------------+----------------------------+----------------------------+-----------------------------+-----------------------------+--------------------+--------------------+-------------------------------------+-------------------------------------+----------------------------+----------------------------+---------------------------+---------------------------+


+------------------------------------------------------------------------------------------------------------------------------------------------------------------------------------------------------------------------------------------------------------------------------------------------------------------------------------------------------------------------------------------------------------------------------------------------------------------------------------------------------------------------------------------------------------------------------------------------------------------------------------------------------------------------------------------------+
; Signal Integrity Metrics (Slow 1100mv 125c Model)                                                                                                                                                                                                                                                                                                                                                                                                                                                                                                                                                                                                                                              ;
+-------------------+--------------+---------------------+---------------------+------------------------------+------------------------------+---------------------+---------------------+--------------------------------------+--------------------------------------+-----------------------------+-----------------------------+----------------------------+----------------------------+-----------------------------+-----------------------------+--------------------+--------------------+-------------------------------------+-------------------------------------+----------------------------+----------------------------+---------------------------+---------------------------+
; Pin               ; I/O Standard ; Board Delay on Rise ; Board Delay on Fall ; Steady State Voh at FPGA Pin ; Steady State Vol at FPGA Pin ; Voh Max at FPGA Pin ; Vol Min at FPGA Pin ; Ringback Voltage on Rise at FPGA Pin ; Ringback Voltage on Fall at FPGA Pin ; 10-90 Rise Time at FPGA Pin ; 90-10 Fall Time at FPGA Pin ; Monotonic Rise at FPGA Pin ; Monotonic Fall at FPGA Pin ; Steady State Voh at Far-end ; Steady State Vol at Far-end ; Voh Max at Far-end ; Vol Min at Far-end ; Ringback Voltage on Rise at Far-end ; Ringback Voltage on Fall at Far-end ; 10-90 Rise Time at Far-end ; 90-10 Fall Time at Far-end ; Monotonic Rise at Far-end ; Monotonic Fall at Far-end ;
+-------------------+--------------+---------------------+---------------------+------------------------------+------------------------------+---------------------+---------------------+--------------------------------------+--------------------------------------+-----------------------------+-----------------------------+----------------------------+----------------------------+-----------------------------+-----------------------------+--------------------+--------------------+-------------------------------------+-------------------------------------+----------------------------+----------------------------+---------------------------+---------------------------+
; branchRequests[0] ; 2.5 V        ; 0 s                 ; 0 s                 ; 2.32 V                       ; 0.000124 V                   ; 2.37 V              ; -0.0219 V           ; 0.268 V                              ; 0.111 V                              ; 5.22e-10 s                  ; 6.35e-10 s                  ; No                         ; Yes                        ; 2.32 V                      ; 0.000124 V                  ; 2.37 V             ; -0.0219 V          ; 0.268 V                             ; 0.111 V                             ; 5.22e-10 s                 ; 6.35e-10 s                 ; No                        ; Yes                       ;
; branchRequests[1] ; 2.5 V        ; 0 s                 ; 0 s                 ; 2.32 V                       ; 0.000122 V                   ; 2.37 V              ; -0.027 V            ; 0.217 V                              ; 0.086 V                              ; 4.85e-10 s                  ; 5.48e-10 s                  ; Yes                        ; Yes                        ; 2.32 V                      ; 0.000122 V                  ; 2.37 V             ; -0.027 V           ; 0.217 V                             ; 0.086 V                             ; 4.85e-10 s                 ; 5.48e-10 s                 ; Yes                       ; Yes                       ;
; ALURequests[0]    ; 2.5 V        ; 0 s                 ; 0 s                 ; 2.32 V                       ; 0.000122 V                   ; 2.37 V              ; -0.027 V            ; 0.217 V                              ; 0.086 V                              ; 4.85e-10 s                  ; 5.48e-10 s                  ; Yes                        ; Yes                        ; 2.32 V                      ; 0.000122 V                  ; 2.37 V             ; -0.027 V           ; 0.217 V                             ; 0.086 V                             ; 4.85e-10 s                 ; 5.48e-10 s                 ; Yes                       ; Yes                       ;
; ALURequests[1]    ; 2.5 V        ; 0 s                 ; 0 s                 ; 2.32 V                       ; 0.000122 V                   ; 2.37 V              ; -0.027 V            ; 0.218 V                              ; 0.086 V                              ; 4.85e-10 s                  ; 5.46e-10 s                  ; Yes                        ; Yes                        ; 2.32 V                      ; 0.000122 V                  ; 2.37 V             ; -0.027 V           ; 0.218 V                             ; 0.086 V                             ; 4.85e-10 s                 ; 5.46e-10 s                 ; Yes                       ; Yes                       ;
; ALURequests[2]    ; 2.5 V        ; 0 s                 ; 0 s                 ; 2.32 V                       ; 0.000111 V                   ; 2.34 V              ; -0.00648 V          ; 0.229 V                              ; 0.079 V                              ; 5.32e-10 s                  ; 5.93e-10 s                  ; Yes                        ; Yes                        ; 2.32 V                      ; 0.000111 V                  ; 2.34 V             ; -0.00648 V         ; 0.229 V                             ; 0.079 V                             ; 5.32e-10 s                 ; 5.93e-10 s                 ; Yes                       ; Yes                       ;
; ALURequests[3]    ; 2.5 V        ; 0 s                 ; 0 s                 ; 2.32 V                       ; 0.000111 V                   ; 2.34 V              ; -0.00648 V          ; 0.229 V                              ; 0.079 V                              ; 5.32e-10 s                  ; 5.93e-10 s                  ; Yes                        ; Yes                        ; 2.32 V                      ; 0.000111 V                  ; 2.34 V             ; -0.00648 V         ; 0.229 V                             ; 0.079 V                             ; 5.32e-10 s                 ; 5.93e-10 s                 ; Yes                       ; Yes                       ;
+-------------------+--------------+---------------------+---------------------+------------------------------+------------------------------+---------------------+---------------------+--------------------------------------+--------------------------------------+-----------------------------+-----------------------------+----------------------------+----------------------------+-----------------------------+-----------------------------+--------------------+--------------------+-------------------------------------+-------------------------------------+----------------------------+----------------------------+---------------------------+---------------------------+


+------------------------------------------------------------------------------------------------------------------------------------------------------------------------------------------------------------------------------------------------------------------------------------------------------------------------------------------------------------------------------------------------------------------------------------------------------------------------------------------------------------------------------------------------------------------------------------------------------------------------------------------------------------------------------------------------+
; Signal Integrity Metrics (Fast 1100mv n40c Model)                                                                                                                                                                                                                                                                                                                                                                                                                                                                                                                                                                                                                                              ;
+-------------------+--------------+---------------------+---------------------+------------------------------+------------------------------+---------------------+---------------------+--------------------------------------+--------------------------------------+-----------------------------+-----------------------------+----------------------------+----------------------------+-----------------------------+-----------------------------+--------------------+--------------------+-------------------------------------+-------------------------------------+----------------------------+----------------------------+---------------------------+---------------------------+
; Pin               ; I/O Standard ; Board Delay on Rise ; Board Delay on Fall ; Steady State Voh at FPGA Pin ; Steady State Vol at FPGA Pin ; Voh Max at FPGA Pin ; Vol Min at FPGA Pin ; Ringback Voltage on Rise at FPGA Pin ; Ringback Voltage on Fall at FPGA Pin ; 10-90 Rise Time at FPGA Pin ; 90-10 Fall Time at FPGA Pin ; Monotonic Rise at FPGA Pin ; Monotonic Fall at FPGA Pin ; Steady State Voh at Far-end ; Steady State Vol at Far-end ; Voh Max at Far-end ; Vol Min at Far-end ; Ringback Voltage on Rise at Far-end ; Ringback Voltage on Fall at Far-end ; 10-90 Rise Time at Far-end ; 90-10 Fall Time at Far-end ; Monotonic Rise at Far-end ; Monotonic Fall at Far-end ;
+-------------------+--------------+---------------------+---------------------+------------------------------+------------------------------+---------------------+---------------------+--------------------------------------+--------------------------------------+-----------------------------+-----------------------------+----------------------------+----------------------------+-----------------------------+-----------------------------+--------------------+--------------------+-------------------------------------+-------------------------------------+----------------------------+----------------------------+---------------------------+---------------------------+
; branchRequests[0] ; 2.5 V        ; 0 s                 ; 0 s                 ; 2.75 V                       ; 2.45e-07 V                   ; 2.93 V              ; -0.127 V            ; 0.351 V                              ; 0.317 V                              ; 2.74e-10 s                  ; 2.82e-10 s                  ; No                         ; No                         ; 2.75 V                      ; 2.45e-07 V                  ; 2.93 V             ; -0.127 V           ; 0.351 V                             ; 0.317 V                             ; 2.74e-10 s                 ; 2.82e-10 s                 ; No                        ; No                        ;
; branchRequests[1] ; 2.5 V        ; 0 s                 ; 0 s                 ; 2.75 V                       ; 2.38e-07 V                   ; 2.94 V              ; -0.135 V            ; 0.31 V                               ; 0.268 V                              ; 2.65e-10 s                  ; 2.64e-10 s                  ; No                         ; Yes                        ; 2.75 V                      ; 2.38e-07 V                  ; 2.94 V             ; -0.135 V           ; 0.31 V                              ; 0.268 V                             ; 2.65e-10 s                 ; 2.64e-10 s                 ; No                        ; Yes                       ;
; ALURequests[0]    ; 2.5 V        ; 0 s                 ; 0 s                 ; 2.75 V                       ; 2.38e-07 V                   ; 2.94 V              ; -0.135 V            ; 0.31 V                               ; 0.268 V                              ; 2.65e-10 s                  ; 2.64e-10 s                  ; No                         ; Yes                        ; 2.75 V                      ; 2.38e-07 V                  ; 2.94 V             ; -0.135 V           ; 0.31 V                              ; 0.268 V                             ; 2.65e-10 s                 ; 2.64e-10 s                 ; No                        ; Yes                       ;
; ALURequests[1]    ; 2.5 V        ; 0 s                 ; 0 s                 ; 2.75 V                       ; 2.38e-07 V                   ; 2.94 V              ; -0.139 V            ; 0.31 V                               ; 0.268 V                              ; 2.65e-10 s                  ; 2.63e-10 s                  ; No                         ; Yes                        ; 2.75 V                      ; 2.38e-07 V                  ; 2.94 V             ; -0.139 V           ; 0.31 V                              ; 0.268 V                             ; 2.65e-10 s                 ; 2.63e-10 s                 ; No                        ; Yes                       ;
; ALURequests[2]    ; 2.5 V        ; 0 s                 ; 0 s                 ; 2.75 V                       ; 1.99e-07 V                   ; 2.83 V              ; -0.0718 V           ; 0.269 V                              ; 0.234 V                              ; 2.77e-10 s                  ; 2.75e-10 s                  ; Yes                        ; Yes                        ; 2.75 V                      ; 1.99e-07 V                  ; 2.83 V             ; -0.0718 V          ; 0.269 V                             ; 0.234 V                             ; 2.77e-10 s                 ; 2.75e-10 s                 ; Yes                       ; Yes                       ;
; ALURequests[3]    ; 2.5 V        ; 0 s                 ; 0 s                 ; 2.75 V                       ; 1.99e-07 V                   ; 2.83 V              ; -0.0718 V           ; 0.269 V                              ; 0.234 V                              ; 2.77e-10 s                  ; 2.75e-10 s                  ; Yes                        ; Yes                        ; 2.75 V                      ; 1.99e-07 V                  ; 2.83 V             ; -0.0718 V          ; 0.269 V                             ; 0.234 V                             ; 2.77e-10 s                 ; 2.75e-10 s                 ; Yes                       ; Yes                       ;
+-------------------+--------------+---------------------+---------------------+------------------------------+------------------------------+---------------------+---------------------+--------------------------------------+--------------------------------------+-----------------------------+-----------------------------+----------------------------+----------------------------+-----------------------------+-----------------------------+--------------------+--------------------+-------------------------------------+-------------------------------------+----------------------------+----------------------------+---------------------------+---------------------------+


+------------------------------------------------------------------------------------------------------------------------------------------------------------------------------------------------------------------------------------------------------------------------------------------------------------------------------------------------------------------------------------------------------------------------------------------------------------------------------------------------------------------------------------------------------------------------------------------------------------------------------------------------------------------------------------------------+
; Signal Integrity Metrics (Fast 1100mv 125c Model)                                                                                                                                                                                                                                                                                                                                                                                                                                                                                                                                                                                                                                              ;
+-------------------+--------------+---------------------+---------------------+------------------------------+------------------------------+---------------------+---------------------+--------------------------------------+--------------------------------------+-----------------------------+-----------------------------+----------------------------+----------------------------+-----------------------------+-----------------------------+--------------------+--------------------+-------------------------------------+-------------------------------------+----------------------------+----------------------------+---------------------------+---------------------------+
; Pin               ; I/O Standard ; Board Delay on Rise ; Board Delay on Fall ; Steady State Voh at FPGA Pin ; Steady State Vol at FPGA Pin ; Voh Max at FPGA Pin ; Vol Min at FPGA Pin ; Ringback Voltage on Rise at FPGA Pin ; Ringback Voltage on Fall at FPGA Pin ; 10-90 Rise Time at FPGA Pin ; 90-10 Fall Time at FPGA Pin ; Monotonic Rise at FPGA Pin ; Monotonic Fall at FPGA Pin ; Steady State Voh at Far-end ; Steady State Vol at Far-end ; Voh Max at Far-end ; Vol Min at Far-end ; Ringback Voltage on Rise at Far-end ; Ringback Voltage on Fall at Far-end ; 10-90 Rise Time at Far-end ; 90-10 Fall Time at Far-end ; Monotonic Rise at Far-end ; Monotonic Fall at Far-end ;
+-------------------+--------------+---------------------+---------------------+------------------------------+------------------------------+---------------------+---------------------+--------------------------------------+--------------------------------------+-----------------------------+-----------------------------+----------------------------+----------------------------+-----------------------------+-----------------------------+--------------------+--------------------+-------------------------------------+-------------------------------------+----------------------------+----------------------------+---------------------------+---------------------------+
; branchRequests[0] ; 2.5 V        ; 0 s                 ; 0 s                 ; 2.75 V                       ; 0.000922 V                   ; 2.84 V              ; -0.061 V            ; 0.199 V                              ; 0.205 V                              ; 4.6e-10 s                   ; 4.61e-10 s                  ; No                         ; Yes                        ; 2.75 V                      ; 0.000922 V                  ; 2.84 V             ; -0.061 V           ; 0.199 V                             ; 0.205 V                             ; 4.6e-10 s                  ; 4.61e-10 s                 ; No                        ; Yes                       ;
; branchRequests[1] ; 2.5 V        ; 0 s                 ; 0 s                 ; 2.75 V                       ; 0.000903 V                   ; 2.85 V              ; -0.07 V             ; 0.175 V                              ; 0.171 V                              ; 4.47e-10 s                  ; 4.44e-10 s                  ; No                         ; No                         ; 2.75 V                      ; 0.000903 V                  ; 2.85 V             ; -0.07 V            ; 0.175 V                             ; 0.171 V                             ; 4.47e-10 s                 ; 4.44e-10 s                 ; No                        ; No                        ;
; ALURequests[0]    ; 2.5 V        ; 0 s                 ; 0 s                 ; 2.75 V                       ; 0.000903 V                   ; 2.85 V              ; -0.07 V             ; 0.175 V                              ; 0.171 V                              ; 4.47e-10 s                  ; 4.44e-10 s                  ; No                         ; No                         ; 2.75 V                      ; 0.000903 V                  ; 2.85 V             ; -0.07 V            ; 0.175 V                             ; 0.171 V                             ; 4.47e-10 s                 ; 4.44e-10 s                 ; No                        ; No                        ;
; ALURequests[1]    ; 2.5 V        ; 0 s                 ; 0 s                 ; 2.75 V                       ; 0.000903 V                   ; 2.85 V              ; -0.07 V             ; 0.372 V                              ; 0.172 V                              ; 3.28e-10 s                  ; 4.44e-10 s                  ; No                         ; No                         ; 2.75 V                      ; 0.000903 V                  ; 2.85 V             ; -0.07 V            ; 0.372 V                             ; 0.172 V                             ; 3.28e-10 s                 ; 4.44e-10 s                 ; No                        ; No                        ;
; ALURequests[2]    ; 2.5 V        ; 0 s                 ; 0 s                 ; 2.75 V                       ; 0.000804 V                   ; 2.78 V              ; -0.0253 V           ; 0.143 V                              ; 0.143 V                              ; 4.48e-10 s                  ; 4.48e-10 s                  ; No                         ; Yes                        ; 2.75 V                      ; 0.000804 V                  ; 2.78 V             ; -0.0253 V          ; 0.143 V                             ; 0.143 V                             ; 4.48e-10 s                 ; 4.48e-10 s                 ; No                        ; Yes                       ;
; ALURequests[3]    ; 2.5 V        ; 0 s                 ; 0 s                 ; 2.75 V                       ; 0.000804 V                   ; 2.78 V              ; -0.0253 V           ; 0.143 V                              ; 0.143 V                              ; 4.48e-10 s                  ; 4.48e-10 s                  ; No                         ; Yes                        ; 2.75 V                      ; 0.000804 V                  ; 2.78 V             ; -0.0253 V          ; 0.143 V                             ; 0.143 V                             ; 4.48e-10 s                 ; 4.48e-10 s                 ; No                        ; Yes                       ;
+-------------------+--------------+---------------------+---------------------+------------------------------+------------------------------+---------------------+---------------------+--------------------------------------+--------------------------------------+-----------------------------+-----------------------------+----------------------------+----------------------------+-----------------------------+-----------------------------+--------------------+--------------------+-------------------------------------+-------------------------------------+----------------------------+----------------------------+---------------------------+---------------------------+


-------------------
; Clock Transfers ;
-------------------
Nothing to report.


---------------
; Report TCCS ;
---------------
No dedicated SERDES Transmitter circuitry present in device or used in design


---------------
; Report RSKM ;
---------------
No non-DPA dedicated SERDES Receiver circuitry present in device or used in design


+------------------------------------------------+
; Unconstrained Paths Summary                    ;
+---------------------------------+-------+------+
; Property                        ; Setup ; Hold ;
+---------------------------------+-------+------+
; Illegal Clocks                  ; 0     ; 0    ;
; Unconstrained Clocks            ; 0     ; 0    ;
; Unconstrained Input Ports       ; 9     ; 9    ;
; Unconstrained Input Port Paths  ; 31    ; 31   ;
; Unconstrained Output Ports      ; 6     ; 6    ;
; Unconstrained Output Port Paths ; 31    ; 31   ;
+---------------------------------+-------+------+


+-------------------------------------------+
; Clock Status Summary                      ;
+--------+----------+---------+-------------+
; Target ; Clock    ; Type    ; Status      ;
+--------+----------+---------+-------------+
;        ; virt_clk ; Virtual ; Constrained ;
+--------+----------+---------+-------------+


+------------------------------------------------------------------------------------------------------------+
; Unconstrained Input Ports                                                                                  ;
+---------------------+--------------------------------------------------------------------------------------+
; Input Port          ; Comment                                                                              ;
+---------------------+--------------------------------------------------------------------------------------+
; ALUBusyVector[0]    ; No input delay, min/max delays, false-path exceptions, or max skew assignments found ;
; ALUBusyVector[1]    ; No input delay, min/max delays, false-path exceptions, or max skew assignments found ;
; ALUBusyVector[2]    ; No input delay, min/max delays, false-path exceptions, or max skew assignments found ;
; ALUBusyVector[3]    ; No input delay, min/max delays, false-path exceptions, or max skew assignments found ;
; RSstation[0]        ; No input delay, min/max delays, false-path exceptions, or max skew assignments found ;
; RSstation[1]        ; No input delay, min/max delays, false-path exceptions, or max skew assignments found ;
; branchBusyVector[0] ; No input delay, min/max delays, false-path exceptions, or max skew assignments found ;
; branchBusyVector[1] ; No input delay, min/max delays, false-path exceptions, or max skew assignments found ;
; stationRequest      ; No input delay, min/max delays, false-path exceptions, or max skew assignments found ;
+---------------------+--------------------------------------------------------------------------------------+


+-----------------------------------------------------------------------------------------------------------+
; Unconstrained Output Ports                                                                                ;
+-------------------+---------------------------------------------------------------------------------------+
; Output Port       ; Comment                                                                               ;
+-------------------+---------------------------------------------------------------------------------------+
; ALURequests[0]    ; No output delay, min/max delays, false-path exceptions, or max skew assignments found ;
; ALURequests[1]    ; No output delay, min/max delays, false-path exceptions, or max skew assignments found ;
; ALURequests[2]    ; No output delay, min/max delays, false-path exceptions, or max skew assignments found ;
; ALURequests[3]    ; No output delay, min/max delays, false-path exceptions, or max skew assignments found ;
; branchRequests[0] ; No output delay, min/max delays, false-path exceptions, or max skew assignments found ;
; branchRequests[1] ; No output delay, min/max delays, false-path exceptions, or max skew assignments found ;
+-------------------+---------------------------------------------------------------------------------------+


+------------------------------------------------------------------------------------------------------------+
; Unconstrained Input Ports                                                                                  ;
+---------------------+--------------------------------------------------------------------------------------+
; Input Port          ; Comment                                                                              ;
+---------------------+--------------------------------------------------------------------------------------+
; ALUBusyVector[0]    ; No input delay, min/max delays, false-path exceptions, or max skew assignments found ;
; ALUBusyVector[1]    ; No input delay, min/max delays, false-path exceptions, or max skew assignments found ;
; ALUBusyVector[2]    ; No input delay, min/max delays, false-path exceptions, or max skew assignments found ;
; ALUBusyVector[3]    ; No input delay, min/max delays, false-path exceptions, or max skew assignments found ;
; RSstation[0]        ; No input delay, min/max delays, false-path exceptions, or max skew assignments found ;
; RSstation[1]        ; No input delay, min/max delays, false-path exceptions, or max skew assignments found ;
; branchBusyVector[0] ; No input delay, min/max delays, false-path exceptions, or max skew assignments found ;
; branchBusyVector[1] ; No input delay, min/max delays, false-path exceptions, or max skew assignments found ;
; stationRequest      ; No input delay, min/max delays, false-path exceptions, or max skew assignments found ;
+---------------------+--------------------------------------------------------------------------------------+


+-----------------------------------------------------------------------------------------------------------+
; Unconstrained Output Ports                                                                                ;
+-------------------+---------------------------------------------------------------------------------------+
; Output Port       ; Comment                                                                               ;
+-------------------+---------------------------------------------------------------------------------------+
; ALURequests[0]    ; No output delay, min/max delays, false-path exceptions, or max skew assignments found ;
; ALURequests[1]    ; No output delay, min/max delays, false-path exceptions, or max skew assignments found ;
; ALURequests[2]    ; No output delay, min/max delays, false-path exceptions, or max skew assignments found ;
; ALURequests[3]    ; No output delay, min/max delays, false-path exceptions, or max skew assignments found ;
; branchRequests[0] ; No output delay, min/max delays, false-path exceptions, or max skew assignments found ;
; branchRequests[1] ; No output delay, min/max delays, false-path exceptions, or max skew assignments found ;
+-------------------+---------------------------------------------------------------------------------------+


+--------------------------+
; Timing Analyzer Messages ;
+--------------------------+
Info: *******************************************************************
Info: Running Quartus Prime Timing Analyzer
    Info: Version 23.1std.1 Build 993 05/14/2024 SC Lite Edition
    Info: Processing started: Sun Dec  1 22:56:29 2024
Info: Command: quartus_sta RISC-V -c RISC-V
Info: qsta_default_script.tcl version: #1
Warning (18236): Number of processors has not been specified which may cause overloading on shared machines.  Set the global assignment NUM_PARALLEL_PROCESSORS in your QSF to an appropriate value for best performance.
Info (20030): Parallel compilation is enabled and will use 6 of the 6 processors detected
Info (21077): Low junction temperature is -40 degrees C
Info (21077): High junction temperature is 125 degrees C
Info (332104): Reading SDC File: 'RISC-V.out.sdc'
Warning (332174): Ignored filter at RISC-V.out.sdc(42): clk could not be matched with a port File: /home/voidknight/Downloads/CPU_Q/RISC-V.out.sdc Line: 42
Warning (332049): Ignored create_clock at RISC-V.out.sdc(42): Argument <targets> is an empty collection File: /home/voidknight/Downloads/CPU_Q/RISC-V.out.sdc Line: 42
    Info (332050): create_clock -name {clk} -period 5.000 -waveform { 0.000 2.500 } [get_ports {clk}] File: /home/voidknight/Downloads/CPU_Q/RISC-V.out.sdc Line: 42
Warning (332174): Ignored filter at RISC-V.out.sdc(75): result[30] could not be matched with a port File: /home/voidknight/Downloads/CPU_Q/RISC-V.out.sdc Line: 75
Warning (332049): Ignored set_output_delay at RISC-V.out.sdc(75): Argument <targets> is an empty collection File: /home/voidknight/Downloads/CPU_Q/RISC-V.out.sdc Line: 75
    Info (332050): set_output_delay -max 1 -clock_fall -clock virt_clk [get_ports {result[30]} ] File: /home/voidknight/Downloads/CPU_Q/RISC-V.out.sdc Line: 75
Info (332143): No user constrained clock uncertainty found in the design. Calling "derive_clock_uncertainty"
Info (332154): The derive_clock_uncertainty command did not apply clock uncertainty to any clock-to-clock transfers.
Warning (332061): Virtual clock virt_clk is never referenced in any input or output delay assignment.
Info: Found TIMING_ANALYZER_REPORT_SCRIPT_INCLUDE_DEFAULT_ANALYSIS = ON
Info: Analyzing Slow 1100mV 125C Model
Info (332140): No fmax paths to report
Info (332140): No Setup paths to report
Info (332140): No Hold paths to report
Info (332140): No Recovery paths to report
Info (332140): No Removal paths to report
Info (332140): No Minimum Pulse Width paths to report
Info: Analyzing Slow 1100mV -40C Model
Info (334003): Started post-fitting delay annotation
Info (334004): Delay annotation completed successfully
Info (332154): The derive_clock_uncertainty command did not apply clock uncertainty to any clock-to-clock transfers.
Warning (332061): Virtual clock virt_clk is never referenced in any input or output delay assignment.
Info (332140): No fmax paths to report
Info (332140): No Setup paths to report
Info (332140): No Hold paths to report
Info (332140): No Recovery paths to report
Info (332140): No Removal paths to report
Info (332140): No Minimum Pulse Width paths to report
Info: Analyzing Fast 1100mV 125C Model
Info (334003): Started post-fitting delay annotation
Info (334004): Delay annotation completed successfully
Info (332154): The derive_clock_uncertainty command did not apply clock uncertainty to any clock-to-clock transfers.
Warning (332061): Virtual clock virt_clk is never referenced in any input or output delay assignment.
Info (332140): No Setup paths to report
Info (332140): No Hold paths to report
Info (332140): No Recovery paths to report
Info (332140): No Removal paths to report
Info (332140): No Minimum Pulse Width paths to report
Info: Analyzing Fast 1100mV -40C Model
Info (332154): The derive_clock_uncertainty command did not apply clock uncertainty to any clock-to-clock transfers.
Warning (332061): Virtual clock virt_clk is never referenced in any input or output delay assignment.
Info (332140): No Setup paths to report
Info (332140): No Hold paths to report
Info (332140): No Recovery paths to report
Info (332140): No Removal paths to report
Info (332140): No Minimum Pulse Width paths to report
Info (332102): Design is not fully constrained for setup requirements
Info (332102): Design is not fully constrained for hold requirements
Info: Quartus Prime Timing Analyzer was successful. 0 errors, 9 warnings
    Info: Peak virtual memory: 959 megabytes
    Info: Processing ended: Sun Dec  1 22:56:45 2024
    Info: Elapsed time: 00:00:16
    Info: Total CPU time (on all processors): 00:00:16


