Flow report for RISC-V
Sat Nov 16 14:35:12 2024
Quartus Prime Version 23.1std.1 Build 993 05/14/2024 SC Lite Edition


---------------------
; Table of Contents ;
---------------------
  1. Legal Notice
  2. Flow Summary
  3. Flow Settings
  4. Flow Non-Default Global Settings
  5. Flow Elapsed Time
  6. Flow OS Summary
  7. Flow Log
  8. Flow Messages
  9. Flow Suppressed Messages



----------------
; Legal Notice ;
----------------
Copyright (C) 2024  Intel Corporation. All rights reserved.
Your use of Intel Corporation's design tools, logic functions 
and other software and tools, and any partner logic 
functions, and any output files from any of the foregoing 
(including device programming or simulation files), and any 
associated documentation or information are expressly subject 
to the terms and conditions of the Intel Program License 
Subscription Agreement, the Intel Quartus Prime License Agreement,
the Intel FPGA IP License Agreement, or other applicable license
agreement, including, without limitation, that your use is for
the sole purpose of programming logic devices manufactured by
Intel and sold by Intel or its authorized distributors.  Please
refer to the applicable agreement for further details, at
https://fpgasoftware.intel.com/eula.



+----------------------------------------------------------------------------------+
; Flow Summary                                                                     ;
+---------------------------------+------------------------------------------------+
; Flow Status                     ; Successful - Sat Nov 16 14:35:12 2024          ;
; Quartus Prime Version           ; 23.1std.1 Build 993 05/14/2024 SC Lite Edition ;
; Revision Name                   ; RISC-V                                         ;
; Top-level Entity Name           ; srcMux                                         ;
; Family                          ; Cyclone V                                      ;
; Device                          ; 5CGXFC9A6U19A7                                 ;
; Timing Models                   ; Final                                          ;
; Logic utilization (in ALMs)     ; 34 / 113,560 ( < 1 % )                         ;
; Total registers                 ; 0                                              ;
; Total pins                      ; 164 / 264 ( 62 % )                             ;
; Total virtual pins              ; 0                                              ;
; Total block memory bits         ; 0 / 12,492,800 ( 0 % )                         ;
; Total DSP Blocks                ; 0 / 342 ( 0 % )                                ;
; Total HSSI RX PCSs              ; 0 / 5 ( 0 % )                                  ;
; Total HSSI PMA RX Deserializers ; 0 / 5 ( 0 % )                                  ;
; Total HSSI TX PCSs              ; 0 / 5 ( 0 % )                                  ;
; Total HSSI PMA TX Serializers   ; 0 / 5 ( 0 % )                                  ;
; Total PLLs                      ; 0 / 13 ( 0 % )                                 ;
; Total DLLs                      ; 0 / 4 ( 0 % )                                  ;
+---------------------------------+------------------------------------------------+


+-----------------------------------------+
; Flow Settings                           ;
+-------------------+---------------------+
; Option            ; Setting             ;
+-------------------+---------------------+
; Start date & time ; 11/16/2024 14:30:50 ;
; Main task         ; Compilation         ;
; Revision Name     ; RISC-V              ;
+-------------------+---------------------+


+-------------------------------------------------------------------------------------------------------------------------------------------------+
; Flow Non-Default Global Settings                                                                                                                ;
+--------------------------------------+----------------------------------------+---------------+-------------+-----------------------------------+
; Assignment Name                      ; Value                                  ; Default Value ; Entity Name ; Section Id                        ;
+--------------------------------------+----------------------------------------+---------------+-------------+-----------------------------------+
; ALLOW_REGISTER_RETIMING              ; Off                                    ; On            ; --          ; --                                ;
; COMPILER_SIGNATURE_ID                ; 194220041798786.173179624905570        ; --            ; --          ; --                                ;
; EDA_DESIGN_INSTANCE_NAME             ; NA                                     ; --            ; --          ; adder_test                        ;
; EDA_GENERATE_FUNCTIONAL_NETLIST      ; Off                                    ; --            ; --          ; eda_board_design_timing           ;
; EDA_GENERATE_FUNCTIONAL_NETLIST      ; Off                                    ; --            ; --          ; eda_board_design_boundary_scan    ;
; EDA_GENERATE_FUNCTIONAL_NETLIST      ; Off                                    ; --            ; --          ; eda_board_design_signal_integrity ;
; EDA_GENERATE_FUNCTIONAL_NETLIST      ; Off                                    ; --            ; --          ; eda_board_design_symbol           ;
; EDA_NATIVELINK_SIMULATION_TEST_BENCH ; adder_test                             ; --            ; --          ; eda_simulation                    ;
; EDA_OUTPUT_DATA_FORMAT               ; Systemverilog Hdl                      ; --            ; --          ; eda_simulation                    ;
; EDA_SIMULATION_TOOL                  ; Questa Intel FPGA (SystemVerilog)      ; <None>        ; --          ; --                                ;
; EDA_TEST_BENCH_ENABLE_STATUS         ; TEST_BENCH_MODE                        ; --            ; --          ; eda_simulation                    ;
; EDA_TEST_BENCH_FILE                  ; adder_test.sv                          ; --            ; --          ; adder_test                        ;
; EDA_TEST_BENCH_MODULE_NAME           ; adder_test                             ; --            ; --          ; adder_test                        ;
; EDA_TEST_BENCH_NAME                  ; adder_test                             ; --            ; --          ; eda_simulation                    ;
; EDA_TIME_SCALE                       ; 1 ns                                   ; --            ; --          ; eda_simulation                    ;
; MAX_CORE_JUNCTION_TEMP               ; 125                                    ; --            ; --          ; --                                ;
; MIN_CORE_JUNCTION_TEMP               ; -40                                    ; --            ; --          ; --                                ;
; PARTITION_COLOR                      ; -- (Not supported for targeted family) ; --            ; srcMux      ; Top                               ;
; PARTITION_FITTER_PRESERVATION_LEVEL  ; -- (Not supported for targeted family) ; --            ; srcMux      ; Top                               ;
; PARTITION_NETLIST_TYPE               ; -- (Not supported for targeted family) ; --            ; srcMux      ; Top                               ;
; POWER_BOARD_THERMAL_MODEL            ; None (CONSERVATIVE)                    ; --            ; --          ; --                                ;
; POWER_PRESET_COOLING_SOLUTION        ; 23 MM HEAT SINK WITH 200 LFPM AIRFLOW  ; --            ; --          ; --                                ;
; PROJECT_OUTPUT_DIRECTORY             ; output_files                           ; --            ; --          ; --                                ;
; TIMING_ANALYZER_DO_REPORT_TIMING     ; On                                     ; Off           ; --          ; --                                ;
; TOP_LEVEL_ENTITY                     ; srcMux                                 ; RISC-V        ; --          ; --                                ;
+--------------------------------------+----------------------------------------+---------------+-------------+-----------------------------------+


+--------------------------------------------------------------------------------------------------------------------------+
; Flow Elapsed Time                                                                                                        ;
+----------------------+--------------+-------------------------+---------------------+------------------------------------+
; Module Name          ; Elapsed Time ; Average Processors Used ; Peak Virtual Memory ; Total CPU Time (on all processors) ;
+----------------------+--------------+-------------------------+---------------------+------------------------------------+
; Analysis & Synthesis ; 00:00:24     ; 1.0                     ; 468 MB              ; 00:01:11                           ;
; Fitter               ; 00:02:39     ; 1.0                     ; 2361 MB             ; 00:06:08                           ;
; Assembler            ; 00:00:44     ; 1.0                     ; 533 MB              ; 00:00:44                           ;
; Timing Analyzer      ; 00:00:19     ; 1.2                     ; 994 MB              ; 00:00:20                           ;
; EDA Netlist Writer   ; 00:00:03     ; 1.0                     ; 689 MB              ; 00:00:03                           ;
; Total                ; 00:04:09     ; --                      ; --                  ; 00:08:26                           ;
+----------------------+--------------+-------------------------+---------------------+------------------------------------+


+----------------------------------------------------------------------------------------------+
; Flow OS Summary                                                                              ;
+----------------------+------------------------+----------------+------------+----------------+
; Module Name          ; Machine Hostname       ; OS Name        ; OS Version ; Processor type ;
+----------------------+------------------------+----------------+------------+----------------+
; Analysis & Synthesis ; voidknight-XPS-13-7390 ; Ubuntu 24.04.1 ; 24         ; x86_64         ;
; Fitter               ; voidknight-XPS-13-7390 ; Ubuntu 24.04.1 ; 24         ; x86_64         ;
; Assembler            ; voidknight-XPS-13-7390 ; Ubuntu 24.04.1 ; 24         ; x86_64         ;
; Timing Analyzer      ; voidknight-XPS-13-7390 ; Ubuntu 24.04.1 ; 24         ; x86_64         ;
; EDA Netlist Writer   ; voidknight-XPS-13-7390 ; Ubuntu 24.04.1 ; 24         ; x86_64         ;
+----------------------+------------------------+----------------+------------+----------------+


------------
; Flow Log ;
------------
quartus_map --read_settings_files=on --write_settings_files=off RISC-V -c RISC-V
quartus_fit --read_settings_files=off --write_settings_files=off RISC-V -c RISC-V
quartus_asm --read_settings_files=off --write_settings_files=off RISC-V -c RISC-V
quartus_sta RISC-V -c RISC-V
quartus_eda --read_settings_files=off --write_settings_files=off RISC-V -c RISC-V



